[01:59:05] [main/INFO] (FabricLoader/GameProvider) Loading Minecraft 1.20.4 with Fabric Loader 0.15.3
[01:59:05] [main/INFO] (FabricLoader) Loading 56 mods:
	- autoduper 1.0.0
	- fabric-api 0.91.3+1.20.4
	- fabric-api-base 0.4.35+78d798af4f
	- fabric-api-lookup-api-v1 1.6.45+78d798af4f
	- fabric-biome-api-v1 13.0.15+78d798af4f
	- fabric-block-api-v1 1.0.14+78d798af4f
	- fabric-block-view-api-v2 1.0.3+78d798af4f
	- fabric-blockrenderlayer-v1 1.1.45+78d798af4f
	- fabric-client-tags-api-v1 1.1.6+78d798af4f
	- fabric-command-api-v1 1.2.40+f71b366f4f
	- fabric-command-api-v2 2.2.19+78d798af4f
	- fabric-commands-v0 0.2.57+df3654b34f
	- fabric-containers-v0 0.1.81+df3654b34f
	- fabric-content-registries-v0 5.0.9+78d798af4f
	- fabric-convention-tags-v1 1.5.9+78d798af4f
	- fabric-crash-report-info-v1 0.2.22+78d798af4f
	- fabric-data-generation-api-v1 13.1.17+78d798af4f
	- fabric-dimensions-v1 2.1.60+78d798af4f
	- fabric-entity-events-v1 1.5.28+4ced05924f
	- fabric-events-interaction-v0 0.6.14+78d798af4f
	- fabric-events-lifecycle-v0 0.2.71+df3654b34f
	- fabric-game-rule-api-v1 1.0.45+78d798af4f
	- fabric-gametest-api-v1 1.2.19+78d798af4f
	- fabric-item-api-v1 2.1.34+78d798af4f
	- fabric-item-group-api-v1 4.0.20+78d798af4f
	- fabric-key-binding-api-v1 1.0.40+78d798af4f
	- fabric-keybindings-v0 0.2.38+df3654b34f
	- fabric-lifecycle-events-v1 2.2.29+78d798af4f
	- fabric-loot-api-v2 2.1.4+78d798af4f
	- fabric-message-api-v1 6.0.4+78d798af4f
	- fabric-mining-level-api-v1 2.1.59+78d798af4f
	- fabric-model-loading-api-v1 1.0.7+78d798af4f
	- fabric-models-v0 0.4.6+9386d8a74f
	- fabric-networking-api-v1 3.1.2+78d798af4f
	- fabric-object-builder-api-v1 13.0.7+78d798af4f
	- fabric-particles-v1 1.1.6+78d798af4f
	- fabric-recipe-api-v1 2.0.15+78d798af4f
	- fabric-registry-sync-v0 4.0.13+78d798af4f
	- fabric-renderer-api-v1 3.2.3+78d798af4f
	- fabric-renderer-indigo 1.5.3+78d798af4f
	- fabric-renderer-registries-v1 3.2.50+df3654b34f
	- fabric-rendering-data-attachment-v1 0.3.41+73761d2e4f
	- fabric-rendering-fluids-v1 3.0.32+78d798af4f
	- fabric-rendering-v0 1.1.53+df3654b34f
	- fabric-rendering-v1 3.0.12+78d798af4f
	- fabric-resource-conditions-api-v1 2.3.13+78d798af4f
	- fabric-resource-loader-v0 0.11.15+78d798af4f
	- fabric-screen-api-v1 2.0.16+78d798af4f
	- fabric-screen-handler-api-v1 1.3.50+78d798af4f
	- fabric-sound-api-v1 1.0.16+78d798af4f
	- fabric-transfer-api-v1 4.0.6+78d798af4f
	- fabric-transitive-access-wideners-v1 5.0.13+78d798af4f
	- fabricloader 0.15.3
	- java 17
	- minecraft 1.20.4
	- mixinextras 0.3.2
[01:59:05] [main/INFO] (FabricLoader/Mixin) SpongePowered MIXIN Subsystem Version=0.8.5 Source=file:/C:/Users/Sarg/.gradle/caches/modules-2/files-2.1/net.fabricmc/sponge-mixin/0.12.5+mixin.0.8.5/8d31fb97c3e0cd7c8dad3441851c523bcfae6d8e/sponge-mixin-0.12.5+mixin.0.8.5.jar Service=Knot/Fabric Env=CLIENT
[01:59:05] [main/INFO] (FabricLoader/Mixin) Loaded Fabric development mappings for mixin remapper!
[01:59:05] [main/INFO] (FabricLoader/Mixin) Compatibility level set to JAVA_17
[01:59:07] [main/INFO] (FabricLoader/MixinExtras|Service) Initializing MixinExtras via com.llamalad7.mixinextras.service.MixinExtrasServiceImpl(version=0.3.2).
[01:59:10] [Datafixer Bootstrap/INFO] (Minecraft) 198 Datafixer optimizations took 156 milliseconds
[01:59:12] [Render thread/INFO] (Minecraft) Environment: Environment[sessionHost=https://sessionserver.mojang.com, servicesHost=https://api.minecraftservices.com, name=PROD]
[01:59:12] [Render thread/INFO] (Minecraft) Setting user: bstar__
[01:59:13] [Render thread/INFO] (fabric-networking-api-v1) Force Packet Serialization is enabled to mimic remote connection on single player, this is the default behaviour on dev env. Add -Dfabric-api.networking.force-packet-serialization=false JVM arg to disable it.
[01:59:13] [Render thread/INFO] (Indigo) [Indigo] Registering Indigo renderer!
[01:59:13] [Render thread/INFO] (autoduper) Initializing AutoDuper
[01:59:13] [Render thread/INFO] (autoduper) Registered AutoDuper keybinding
[01:59:13] [Render thread/INFO] (Minecraft) Backend library: LWJGL version 3.3.2-snapshot
[01:59:13] [Download-2/ERROR] (Minecraft) Failed to fetch user properties
com.mojang.authlib.exceptions.InvalidCredentialsException: Status: 401
	at com.mojang.authlib.exceptions.MinecraftClientHttpException.toAuthenticationException(MinecraftClientHttpException.java:59) ~[authlib-6.0.52.jar:?]
	at com.mojang.authlib.yggdrasil.YggdrasilUserApiService.fetchProperties(YggdrasilUserApiService.java:150) ~[authlib-6.0.52.jar:?]
	at net.minecraft.client.MinecraftClient.method_55608(MinecraftClient.java:467) ~[minecraft-merged-1f338b2c9f-1.20.4-net.fabricmc.yarn.1_20_4.1.20.4+build.3-v2.jar:?]
	at java.util.concurrent.CompletableFuture$AsyncSupply.run(CompletableFuture.java:1768) ~[?:?]
	at java.util.concurrent.ThreadPoolExecutor.runWorker(ThreadPoolExecutor.java:1136) ~[?:?]
	at java.util.concurrent.ThreadPoolExecutor$Worker.run(ThreadPoolExecutor.java:635) ~[?:?]
	at java.lang.Thread.run(Thread.java:833) ~[?:?]
Caused by: com.mojang.authlib.exceptions.MinecraftClientHttpException: Status: 401
	at com.mojang.authlib.minecraft.client.MinecraftClient.readInputStream(MinecraftClient.java:100) ~[authlib-6.0.52.jar:?]
	at com.mojang.authlib.minecraft.client.MinecraftClient.get(MinecraftClient.java:57) ~[authlib-6.0.52.jar:?]
	at com.mojang.authlib.yggdrasil.YggdrasilUserApiService.fetchProperties(YggdrasilUserApiService.java:121) ~[authlib-6.0.52.jar:?]
	... 5 more
[01:59:14] [Render thread/INFO] (Minecraft) Reloading ResourceManager: vanilla, fabric (fabric-networking-api-v1, fabric-keybindings-v0, fabric-biome-api-v1, fabric-entity-events-v1, fabric-item-api-v1, fabric-crash-report-info-v1, fabric-dimensions-v1, fabric-sound-api-v1, fabric-rendering-v1, fabric-resource-conditions-api-v1, fabric-lifecycle-events-v1, fabric-renderer-registries-v1, fabric-command-api-v2, fabric-content-registries-v0, fabric-item-group-api-v1, fabric-client-tags-api-v1, fabric-message-api-v1, fabric-models-v0, fabric-renderer-indigo, fabric-convention-tags-v1, fabric-rendering-fluids-v1, fabric-renderer-api-v1, fabric-rendering-data-attachment-v1, fabric-mining-level-api-v1, fabric-block-api-v1, autoduper, fabric-transitive-access-wideners-v1, fabric-key-binding-api-v1, fabric-api-base, fabric-api-lookup-api-v1, fabric-rendering-v0, fabric-gametest-api-v1, fabric-data-generation-api-v1, fabric-game-rule-api-v1, fabric-transfer-api-v1, fabric-screen-handler-api-v1, fabric-resource-loader-v0, fabric-events-lifecycle-v0, fabric-model-loading-api-v1, fabric-command-api-v1, fabric-screen-api-v1, fabric-loot-api-v2, fabric-containers-v0, fabric-particles-v1, fabricloader, fabric-blockrenderlayer-v1, fabric-api, fabric-registry-sync-v0, fabric-block-view-api-v2, fabric-commands-v0, fabric-recipe-api-v1, fabric-object-builder-api-v1, fabric-events-interaction-v0)
[01:59:14] [Worker-Main-12/INFO] (Minecraft) Found unifont_all_no_pua-15.1.04.hex, loading
[01:59:16] [Render thread/WARN] (Minecraft) Missing sound for event: minecraft:item.goat_horn.play
[01:59:16] [Render thread/WARN] (Minecraft) Missing sound for event: minecraft:entity.goat.screaming.horn_break
[01:59:16] [Render thread/WARN] (Minecraft) Missing sound for event: minecraft:entity.generic.wind_burst
[01:59:16] [Render thread/INFO] (Minecraft) OpenAL initialized on device OpenAL Soft on Realtek HD Audio 2nd output (Realtek(R) Audio)
[01:59:16] [Render thread/INFO] (Minecraft) Sound engine started
[01:59:16] [Render thread/INFO] (Minecraft) Created: 1024x512x4 minecraft:textures/atlas/blocks.png-atlas
[01:59:16] [Render thread/INFO] (Minecraft) Created: 256x256x4 minecraft:textures/atlas/signs.png-atlas
[01:59:16] [Render thread/INFO] (Minecraft) Created: 512x512x4 minecraft:textures/atlas/shield_patterns.png-atlas
[01:59:16] [Render thread/INFO] (Minecraft) Created: 512x512x4 minecraft:textures/atlas/banner_patterns.png-atlas
[01:59:16] [Render thread/INFO] (Minecraft) Created: 1024x1024x4 minecraft:textures/atlas/armor_trims.png-atlas
[01:59:16] [Render thread/INFO] (Minecraft) Created: 128x64x4 minecraft:textures/atlas/decorated_pot.png-atlas
[01:59:16] [Render thread/INFO] (Minecraft) Created: 256x256x4 minecraft:textures/atlas/chest.png-atlas
[01:59:16] [Render thread/INFO] (Minecraft) Created: 512x256x4 minecraft:textures/atlas/shulker_boxes.png-atlas
[01:59:16] [Render thread/INFO] (Minecraft) Created: 512x256x4 minecraft:textures/atlas/beds.png-atlas
[01:59:16] [Render thread/WARN] (Minecraft) Shader rendertype_entity_translucent_emissive could not find sampler named Sampler2 in the specified shader program.
[01:59:16] [Render thread/INFO] (Minecraft) Created: 512x256x0 minecraft:textures/atlas/particles.png-atlas
[01:59:16] [Render thread/INFO] (Minecraft) Created: 256x256x0 minecraft:textures/atlas/paintings.png-atlas
[01:59:16] [Render thread/INFO] (Minecraft) Created: 128x128x0 minecraft:textures/atlas/mob_effects.png-atlas
[01:59:16] [Render thread/INFO] (Minecraft) Created: 1024x512x0 minecraft:textures/atlas/gui.png-atlas
[01:59:16] [IO-Worker-1/INFO] (Minecraft) Could not authorize you against Realms server: Invalid session id
[01:59:16] [IO-Worker-1/ERROR] (Minecraft) Couldn't connect to realms
net.minecraft.client.realms.exception.RealmsServiceException: Realms authentication error with message 'Invalid session id'
	at net.minecraft.client.realms.RealmsClient.execute(RealmsClient.java:447) ~[minecraft-merged-1f338b2c9f-1.20.4-net.fabricmc.yarn.1_20_4.1.20.4+build.3-v2.jar:?]
	at net.minecraft.client.realms.RealmsClient.clientCompatible(RealmsClient.java:232) ~[minecraft-merged-1f338b2c9f-1.20.4-net.fabricmc.yarn.1_20_4.1.20.4+build.3-v2.jar:?]
	at net.minecraft.client.realms.RealmsAvailability.method_52627(RealmsAvailability.java:45) ~[minecraft-merged-1f338b2c9f-1.20.4-net.fabricmc.yarn.1_20_4.1.20.4+build.3-v2.jar:?]
	at java.util.concurrent.CompletableFuture$AsyncSupply.run(CompletableFuture.java:1768) ~[?:?]
	at java.util.concurrent.ThreadPoolExecutor.runWorker(ThreadPoolExecutor.java:1136) ~[?:?]
	at java.util.concurrent.ThreadPoolExecutor$Worker.run(ThreadPoolExecutor.java:635) ~[?:?]
	at java.lang.Thread.run(Thread.java:833) ~[?:?]
[01:59:21] [Render thread/INFO] (Minecraft) Connecting to localhost, 25565
[01:59:22] [Render thread/INFO] (Minecraft) [System] [CHAT] bstar__ joined the game
[01:59:22] [Render thread/INFO] (Minecraft) Loaded 101 advancements
[01:59:24] [Render thread/INFO] (autoduper) Dupe key pressed!
[01:59:24] [Render thread/INFO] (autoduper) Starting dupe sequence
[01:59:24] [Render thread/INFO] (Minecraft) [System] [CHAT] §b[AutoDuper] Dupe Started (Stage: 0)
[01:59:24] [Render thread/INFO] (Minecraft) [System] [CHAT] §a[AutoDuper] Started duping
[01:59:24] [Render thread/INFO] (Minecraft) [System] [CHAT] §b[AutoDuper] Selecting chest in hotbar
[01:59:24] [Render thread/INFO] (Minecraft) [System] [CHAT] §b[AutoDuper] Mounting donkey
[01:59:25] [Render thread/INFO] (Minecraft) [System] [CHAT] §b[AutoDuper] Opening inventory
[01:59:25] [Render thread/INFO] (Minecraft) [System] [CHAT] §b[AutoDuper] Moving items to donkey
[01:59:25] [Render thread/INFO] (Minecraft) [System] [CHAT] §b[AutoDuper] Applying chest
[01:59:26] [Render thread/INFO] (Minecraft) [System] [CHAT] §b[AutoDuper] Taking items from donkey
[01:59:26] [Render thread/INFO] (Minecraft) [System] [CHAT] §b[AutoDuper] Closing inventory
[01:59:26] [Render thread/INFO] (Minecraft) [System] [CHAT] §b[AutoDuper] Dismounting donkey
[01:59:26] [Render thread/INFO] (Minecraft) [System] [CHAT] §b[AutoDuper] Selecting chest in hotbar
[01:59:26] [Render thread/INFO] (Minecraft) [System] [CHAT] §b[AutoDuper] Mounting donkey
[01:59:26] [Render thread/INFO] (Minecraft) [System] [CHAT] §b[AutoDuper] Mounting donkey
[01:59:27] [Render thread/INFO] (Minecraft) [System] [CHAT] §b[AutoDuper] Opening inventory
[01:59:28] [Render thread/INFO] (Minecraft) [System] [CHAT] §b[AutoDuper] Moving items to donkey
[01:59:28] [Render thread/INFO] (Minecraft) [System] [CHAT] §b[AutoDuper] Applying chest
[01:59:28] [Render thread/INFO] (Minecraft) [System] [CHAT] §b[AutoDuper] Taking items from donkey
[01:59:28] [Render thread/INFO] (Minecraft) [System] [CHAT] §b[AutoDuper] Closing inventory
[01:59:28] [Render thread/INFO] (Minecraft) [System] [CHAT] §b[AutoDuper] Dismounting donkey
[01:59:28] [Render thread/INFO] (Minecraft) [System] [CHAT] §b[AutoDuper] Selecting chest in hotbar
[01:59:28] [Render thread/INFO] (Minecraft) [System] [CHAT] §b[AutoDuper] Mounting donkey
[01:59:29] [Render thread/INFO] (Minecraft) [System] [CHAT] §b[AutoDuper] Mounting donkey
[01:59:30] [Render thread/INFO] (Minecraft) [System] [CHAT] §b[AutoDuper] Opening inventory
[01:59:30] [Render thread/INFO] (Minecraft) [System] [CHAT] §b[AutoDuper] Moving items to donkey
[01:59:30] [Render thread/INFO] (Minecraft) [System] [CHAT] §b[AutoDuper] Applying chest
[01:59:30] [Render thread/INFO] (Minecraft) [System] [CHAT] §b[AutoDuper] Taking items from donkey
[01:59:30] [Render thread/INFO] (Minecraft) [System] [CHAT] §b[AutoDuper] Closing inventory
[01:59:30] [Render thread/INFO] (Minecraft) [System] [CHAT] §b[AutoDuper] Dismounting donkey
[01:59:31] [Render thread/INFO] (Minecraft) [System] [CHAT] §b[AutoDuper] Selecting chest in hotbar
[01:59:31] [Render thread/INFO] (Minecraft) [System] [CHAT] §b[AutoDuper] Mounting donkey
[01:59:31] [Render thread/INFO] (Minecraft) [System] [CHAT] §b[AutoDuper] Mounting donkey
[01:59:32] [Render thread/INFO] (Minecraft) [System] [CHAT] §b[AutoDuper] Opening inventory
[01:59:32] [Render thread/INFO] (Minecraft) [System] [CHAT] §b[AutoDuper] Moving items to donkey
[01:59:33] [Render thread/INFO] (Minecraft) [System] [CHAT] §b[AutoDuper] Applying chest
[01:59:33] [Render thread/INFO] (Minecraft) [System] [CHAT] §b[AutoDuper] Taking items from donkey
[01:59:33] [Render thread/INFO] (Minecraft) [System] [CHAT] §b[AutoDuper] Closing inventory
[01:59:33] [Render thread/INFO] (Minecraft) [System] [CHAT] §b[AutoDuper] Dismounting donkey
[01:59:33] [Render thread/INFO] (Minecraft) [System] [CHAT] §b[AutoDuper] Selecting chest in hotbar
[01:59:33] [Render thread/INFO] (Minecraft) [System] [CHAT] §b[AutoDuper] Mounting donkey
[01:59:33] [Render thread/INFO] (Minecraft) [System] [CHAT] §b[AutoDuper] Mounting donkey
[01:59:34] [Render thread/INFO] (Minecraft) [System] [CHAT] §b[AutoDuper] Opening inventory
[01:59:35] [Render thread/INFO] (Minecraft) [System] [CHAT] §b[AutoDuper] Moving items to donkey
[01:59:35] [Render thread/INFO] (Minecraft) [System] [CHAT] §b[AutoDuper] Applying chest
[01:59:35] [Render thread/INFO] (Minecraft) [System] [CHAT] §b[AutoDuper] Taking items from donkey
[01:59:35] [Render thread/INFO] (Minecraft) [System] [CHAT] §b[AutoDuper] Closing inventory
[01:59:35] [Render thread/INFO] (Minecraft) [System] [CHAT] §b[AutoDuper] Dismounting donkey
[01:59:35] [Render thread/INFO] (Minecraft) [System] [CHAT] §b[AutoDuper] Selecting chest in hotbar
[01:59:36] [Render thread/INFO] (Minecraft) [System] [CHAT] §b[AutoDuper] Mounting donkey
[01:59:36] [Render thread/INFO] (Minecraft) [System] [CHAT] §b[AutoDuper] Mounting donkey
[01:59:37] [Render thread/INFO] (Minecraft) [System] [CHAT] §b[AutoDuper] Opening inventory
[01:59:37] [Render thread/INFO] (Minecraft) [System] [CHAT] §b[AutoDuper] Moving items to donkey
[01:59:37] [Render thread/INFO] (Minecraft) [System] [CHAT] §b[AutoDuper] Applying chest
[01:59:37] [Render thread/INFO] (Minecraft) [System] [CHAT] §b[AutoDuper] Taking items from donkey
[01:59:37] [Render thread/INFO] (Minecraft) [System] [CHAT] §b[AutoDuper] Closing inventory
[01:59:38] [Render thread/INFO] (Minecraft) [System] [CHAT] §b[AutoDuper] Dismounting donkey
[01:59:38] [Render thread/INFO] (Minecraft) [System] [CHAT] §b[AutoDuper] Selecting chest in hotbar
[01:59:38] [Render thread/INFO] (Minecraft) [System] [CHAT] §b[AutoDuper] Mounting donkey
[01:59:38] [Render thread/INFO] (Minecraft) [System] [CHAT] §b[AutoDuper] Mounting donkey
[01:59:39] [Render thread/INFO] (autoduper) Dupe key pressed!
[01:59:39] [Render thread/INFO] (autoduper) Stopping dupe sequence
[01:59:39] [Render thread/INFO] (Minecraft) [System] [CHAT] §b[AutoDuper] Dupe Stopped (Stage: 0)
[01:59:39] [Render thread/INFO] (Minecraft) [System] [CHAT] §c[AutoDuper] Stopped duping
[02:00:00] [Render thread/INFO] (Minecraft) [System] [CHAT] Unknown command. Type "/help" for help.
[02:00:14] [Render thread/INFO] (Minecraft) [System] [CHAT] Chest apply delay set to 10 ticks
[02:00:16] [Render thread/INFO] (autoduper) Dupe key pressed!
[02:00:16] [Render thread/INFO] (autoduper) Starting dupe sequence
[02:00:16] [Render thread/INFO] (Minecraft) [System] [CHAT] §b[AutoDuper] Dupe Started (Stage: 0)
[02:00:16] [Render thread/INFO] (Minecraft) [System] [CHAT] §a[AutoDuper] Started duping
[02:00:16] [Render thread/INFO] (Minecraft) [System] [CHAT] §b[AutoDuper] Selecting chest in hotbar
[02:00:16] [Render thread/INFO] (Minecraft) [System] [CHAT] §b[AutoDuper] Mounting donkey
[02:00:17] [Render thread/INFO] (Minecraft) [System] [CHAT] §b[AutoDuper] Opening inventory
[02:00:17] [Render thread/INFO] (Minecraft) [System] [CHAT] §b[AutoDuper] Moving items to donkey
[02:00:18] [Render thread/INFO] (Minecraft) [System] [CHAT] §b[AutoDuper] Applying chest
[02:00:18] [Render thread/INFO] (Minecraft) [System] [CHAT] §b[AutoDuper] Taking items from donkey
[02:00:18] [Render thread/INFO] (Minecraft) [System] [CHAT] §b[AutoDuper] Some items were thrown due to full inventory!
[02:00:18] [Render thread/INFO] (Minecraft) [System] [CHAT] §b[AutoDuper] Closing inventory
[02:00:18] [Render thread/INFO] (Minecraft) [System] [CHAT] §b[AutoDuper] Dismounting donkey
[02:00:18] [Render thread/INFO] (Minecraft) [System] [CHAT] §b[AutoDuper] Selecting chest in hotbar
[02:00:19] [Render thread/INFO] (Minecraft) [System] [CHAT] §b[AutoDuper] Mounting donkey
[02:00:19] [Render thread/INFO] (Minecraft) [System] [CHAT] §b[AutoDuper] Mounting donkey
[02:00:20] [Render thread/INFO] (Minecraft) [System] [CHAT] §b[AutoDuper] Opening inventory
[02:00:20] [Render thread/INFO] (Minecraft) [System] [CHAT] §b[AutoDuper] Moving items to donkey
[02:00:20] [Render thread/INFO] (Minecraft) [System] [CHAT] §b[AutoDuper] Applying chest
[02:00:21] [Render thread/INFO] (Minecraft) [System] [CHAT] §b[AutoDuper] Taking items from donkey
[02:00:21] [Render thread/INFO] (Minecraft) [System] [CHAT] §b[AutoDuper] Some items were thrown due to full inventory!
[02:00:21] [Render thread/INFO] (Minecraft) [System] [CHAT] §b[AutoDuper] Closing inventory
[02:00:21] [Render thread/INFO] (Minecraft) [System] [CHAT] §b[AutoDuper] Dismounting donkey
[02:00:21] [Render thread/INFO] (Minecraft) [System] [CHAT] §b[AutoDuper] Selecting chest in hotbar
[02:00:21] [Render thread/INFO] (Minecraft) [System] [CHAT] §b[AutoDuper] Mounting donkey
[02:00:21] [Render thread/INFO] (Minecraft) [System] [CHAT] §b[AutoDuper] Mounting donkey
[02:00:23] [Render thread/INFO] (Minecraft) [System] [CHAT] §b[AutoDuper] Opening inventory
[02:00:23] [Render thread/INFO] (Minecraft) [System] [CHAT] §b[AutoDuper] Moving items to donkey
[02:00:23] [Render thread/INFO] (Minecraft) [System] [CHAT] §b[AutoDuper] Applying chest
[02:00:24] [Render thread/INFO] (Minecraft) [System] [CHAT] §b[AutoDuper] Taking items from donkey
[02:00:24] [Render thread/INFO] (Minecraft) [System] [CHAT] §b[AutoDuper] Some items were thrown due to full inventory!
[02:00:24] [Render thread/INFO] (Minecraft) [System] [CHAT] §b[AutoDuper] Closing inventory
[02:00:24] [Render thread/INFO] (Minecraft) [System] [CHAT] §b[AutoDuper] Dismounting donkey
[02:00:24] [Render thread/INFO] (Minecraft) [System] [CHAT] §b[AutoDuper] Selecting chest in hotbar
[02:00:24] [Render thread/INFO] (Minecraft) [System] [CHAT] §b[AutoDuper] Mounting donkey
[02:00:24] [Render thread/INFO] (Minecraft) [System] [CHAT] §b[AutoDuper] Mounting donkey
[02:00:25] [Render thread/INFO] (Minecraft) [System] [CHAT] §b[AutoDuper] Opening inventory
[02:00:26] [Render thread/INFO] (Minecraft) [System] [CHAT] §b[AutoDuper] Moving items to donkey
[02:00:26] [Render thread/INFO] (Minecraft) [System] [CHAT] §b[AutoDuper] Applying chest
[02:00:26] [Render thread/INFO] (Minecraft) [System] [CHAT] §b[AutoDuper] Taking items from donkey
[02:00:26] [Render thread/INFO] (Minecraft) [System] [CHAT] §b[AutoDuper] Some items were thrown due to full inventory!
[02:00:26] [Render thread/INFO] (Minecraft) [System] [CHAT] §b[AutoDuper] Closing inventory
[02:00:26] [Render thread/INFO] (Minecraft) [System] [CHAT] §b[AutoDuper] Dismounting donkey
[02:00:27] [Render thread/INFO] (Minecraft) [System] [CHAT] §b[AutoDuper] Selecting chest in hotbar
[02:00:27] [Render thread/INFO] (Minecraft) [System] [CHAT] §b[AutoDuper] Mounting donkey
[02:00:27] [Render thread/INFO] (Minecraft) [System] [CHAT] §b[AutoDuper] Mounting donkey
[02:00:27] [Render thread/INFO] (autoduper) Dupe key pressed!
[02:00:27] [Render thread/INFO] (autoduper) Stopping dupe sequence
[02:00:27] [Render thread/INFO] (Minecraft) [System] [CHAT] §b[AutoDuper] Dupe Stopped (Stage: 0)
[02:00:27] [Render thread/INFO] (Minecraft) [System] [CHAT] §c[AutoDuper] Stopped duping
[02:00:34] [Render thread/INFO] (Minecraft) [System] [CHAT] ÂUsage: /donkeydupe <delay|cooldown|success> [value]
[02:00:39] [Render thread/INFO] (Minecraft) [System] [CHAT] ÂCooldown set to 15 seconds
[02:01:16] [Render thread/INFO] (Minecraft) [System] [CHAT] Chest apply delay set to 600 ticks
[02:01:19] [Render thread/INFO] (autoduper) Dupe key pressed!
[02:01:19] [Render thread/INFO] (autoduper) Starting dupe sequence
[02:01:19] [Render thread/INFO] (Minecraft) [System] [CHAT] §b[AutoDuper] Dupe Started (Stage: 0)
[02:01:19] [Render thread/INFO] (Minecraft) [System] [CHAT] §a[AutoDuper] Started duping
[02:01:19] [Render thread/INFO] (Minecraft) [System] [CHAT] §b[AutoDuper] Selecting chest in hotbar
[02:01:19] [Render thread/INFO] (Minecraft) [System] [CHAT] §b[AutoDuper] Mounting donkey
[02:01:20] [Render thread/INFO] (Minecraft) [System] [CHAT] §b[AutoDuper] Opening inventory
[02:01:21] [Render thread/INFO] (Minecraft) [System] [CHAT] §b[AutoDuper] Moving items to donkey
[02:01:21] [Render thread/INFO] (Minecraft) [System] [CHAT] §b[AutoDuper] Applying chest
[02:01:51] [Render thread/INFO] (Minecraft) [System] [CHAT] §b[AutoDuper] Taking items from donkey
[02:01:51] [Render thread/INFO] (Minecraft) [System] [CHAT] §b[AutoDuper] Some items were thrown due to full inventory!
[02:01:51] [Render thread/INFO] (Minecraft) [System] [CHAT] §b[AutoDuper] Closing inventory
[02:01:51] [Render thread/INFO] (Minecraft) [System] [CHAT] §b[AutoDuper] Dismounting donkey
[02:01:51] [Render thread/INFO] (Minecraft) [System] [CHAT] §b[AutoDuper] Selecting chest in hotbar
[02:01:51] [Render thread/INFO] (Minecraft) [System] [CHAT] §b[AutoDuper] Mounting donkey
[02:01:51] [Render thread/INFO] (Minecraft) [System] [CHAT] §b[AutoDuper] Mounting donkey
[02:01:52] [Render thread/INFO] (Minecraft) [System] [CHAT] §b[AutoDuper] Opening inventory
[02:01:53] [Render thread/INFO] (Minecraft) [System] [CHAT] §b[AutoDuper] Moving items to donkey
[02:01:53] [Render thread/INFO] (Minecraft) [System] [CHAT] §b[AutoDuper] Applying chest
[02:01:59] [Render thread/INFO] (autoduper) Dupe key pressed!
[02:01:59] [Render thread/INFO] (autoduper) Stopping dupe sequence
[02:01:59] [Render thread/INFO] (Minecraft) [System] [CHAT] §b[AutoDuper] Dupe Stopped (Stage: 0)
[02:01:59] [Render thread/INFO] (Minecraft) [System] [CHAT] §c[AutoDuper] Stopped duping
